{"level":"error"}
{"level":"error"}
{"message":"::1 - - [30/Apr/2021:14:04:37 +0000] \"POST /books/ HTTP/1.1\" 401 37 \"-\" \"PostmanRuntime/7.28.0\"\n","level":"info"}
{"message":"::1 - - [30/Apr/2021:14:05:12 +0000] \"POST /books/ HTTP/1.1\" 401 37 \"-\" \"PostmanRuntime/7.28.0\"\n","level":"info"}
{"message":"::1 - - [30/Apr/2021:14:05:49 +0000] \"POST /books/ HTTP/1.1\" 401 37 \"-\" \"PostmanRuntime/7.28.0\"\n","level":"info"}
{"message":"::1 - - [30/Apr/2021:14:06:11 +0000] \"POST /books/ HTTP/1.1\" 201 15 \"-\" \"PostmanRuntime/7.28.0\"\n","level":"info"}
{"message":"::1 - - [18/May/2021:09:46:42 +0000] \"POST / HTTP/1.1\" 404 140 \"-\" \"PostmanRuntime/7.28.0\"\n","level":"info"}
{"message":"::1 - - [18/May/2021:09:46:54 +0000] \"POST /users/ HTTP/1.1\" 201 120 \"-\" \"PostmanRuntime/7.28.0\"\n","level":"info"}
{"message":"::1 - - [18/May/2021:09:47:55 +0000] \"GET /users/authenticate HTTP/1.1\" 404 157 \"-\" \"PostmanRuntime/7.28.0\"\n","level":"info"}
{"message":"::1 - - [18/May/2021:09:48:05 +0000] \"GET /users/authenticate HTTP/1.1\" 404 157 \"-\" \"PostmanRuntime/7.28.0\"\n","level":"info"}
{"message":"::1 - - [18/May/2021:09:48:12 +0000] \"POST /users/authenticate HTTP/1.1\" 200 120 \"-\" \"PostmanRuntime/7.28.0\"\n","level":"info"}
{"message":"::1 - - [18/May/2021:09:58:44 +0000] \"GET /users/me HTTP/1.1\" 200 120 \"-\" \"PostmanRuntime/7.28.0\"\n","level":"info"}
{"level":"warn","message":"Error: Missing required email and password fields\n    at /Users/quentindanneville/Desktop/dev/lab/layered-express-api/src/modules/User/service.js:28:19\n    at Generator.next (<anonymous>)\n    at asyncGeneratorStep (/Users/quentindanneville/Desktop/dev/lab/layered-express-api/src/modules/User/service.js:14:103)\n    at _next (/Users/quentindanneville/Desktop/dev/lab/layered-express-api/src/modules/User/service.js:16:194)\n    at /Users/quentindanneville/Desktop/dev/lab/layered-express-api/src/modules/User/service.js:16:364\n    at new Promise (<anonymous>)\n    at /Users/quentindanneville/Desktop/dev/lab/layered-express-api/src/modules/User/service.js:16:97\n    at UserService.login (/Users/quentindanneville/Desktop/dev/lab/layered-express-api/src/modules/User/service.js:25:27)\n    at /Users/quentindanneville/Desktop/dev/lab/layered-express-api/src/modules/User/controller.js:29:49\n    at Generator.next (<anonymous>)"}
{"message":"::1 - - [18/May/2021:10:09:39 +0000] \"POST /users/authenticate HTTP/1.1\" 400 73 \"http://localhost:1234/\" \"Mozilla/5.0 (Macintosh; Intel Mac OS X 10_15_3) AppleWebKit/537.36 (KHTML, like Gecko) Chrome/90.0.4430.212 Safari/537.36\"\n","level":"info"}
{"level":"warn","message":"Error: Missing required email and password fields\n    at /Users/quentindanneville/Desktop/dev/lab/layered-express-api/src/modules/User/service.js:28:19\n    at Generator.next (<anonymous>)\n    at asyncGeneratorStep (/Users/quentindanneville/Desktop/dev/lab/layered-express-api/src/modules/User/service.js:14:103)\n    at _next (/Users/quentindanneville/Desktop/dev/lab/layered-express-api/src/modules/User/service.js:16:194)\n    at /Users/quentindanneville/Desktop/dev/lab/layered-express-api/src/modules/User/service.js:16:364\n    at new Promise (<anonymous>)\n    at /Users/quentindanneville/Desktop/dev/lab/layered-express-api/src/modules/User/service.js:16:97\n    at UserService.login (/Users/quentindanneville/Desktop/dev/lab/layered-express-api/src/modules/User/service.js:25:27)\n    at /Users/quentindanneville/Desktop/dev/lab/layered-express-api/src/modules/User/controller.js:29:49\n    at Generator.next (<anonymous>)"}
{"message":"::1 - - [18/May/2021:10:11:42 +0000] \"POST /users/authenticate HTTP/1.1\" 400 73 \"http://localhost:1234/\" \"Mozilla/5.0 (Macintosh; Intel Mac OS X 10_15_3) AppleWebKit/537.36 (KHTML, like Gecko) Chrome/90.0.4430.212 Safari/537.36\"\n","level":"info"}
{"level":"warn","message":"Error: Missing required email and password fields\n    at /Users/quentindanneville/Desktop/dev/lab/layered-express-api/src/modules/User/service.js:28:19\n    at Generator.next (<anonymous>)\n    at asyncGeneratorStep (/Users/quentindanneville/Desktop/dev/lab/layered-express-api/src/modules/User/service.js:14:103)\n    at _next (/Users/quentindanneville/Desktop/dev/lab/layered-express-api/src/modules/User/service.js:16:194)\n    at /Users/quentindanneville/Desktop/dev/lab/layered-express-api/src/modules/User/service.js:16:364\n    at new Promise (<anonymous>)\n    at /Users/quentindanneville/Desktop/dev/lab/layered-express-api/src/modules/User/service.js:16:97\n    at UserService.login (/Users/quentindanneville/Desktop/dev/lab/layered-express-api/src/modules/User/service.js:25:27)\n    at /Users/quentindanneville/Desktop/dev/lab/layered-express-api/src/modules/User/controller.js:29:49\n    at Generator.next (<anonymous>)"}
{"message":"::1 - - [18/May/2021:10:11:49 +0000] \"POST /users/authenticate HTTP/1.1\" 400 73 \"http://localhost:1234/\" \"Mozilla/5.0 (Macintosh; Intel Mac OS X 10_15_3) AppleWebKit/537.36 (KHTML, like Gecko) Chrome/90.0.4430.212 Safari/537.36\"\n","level":"info"}
{"message":"::1 - - [18/May/2021:10:12:57 +0000] \"POST /users/authenticate HTTP/1.1\" 200 120 \"http://localhost:1234/\" \"Mozilla/5.0 (Macintosh; Intel Mac OS X 10_15_3) AppleWebKit/537.36 (KHTML, like Gecko) Chrome/90.0.4430.212 Safari/537.36\"\n","level":"info"}
{"message":"::1 - - [18/May/2021:10:13:11 +0000] \"POST /users/authenticate HTTP/1.1\" 200 120 \"http://localhost:1234/\" \"Mozilla/5.0 (Macintosh; Intel Mac OS X 10_15_3) AppleWebKit/537.36 (KHTML, like Gecko) Chrome/90.0.4430.212 Safari/537.36\"\n","level":"info"}
{"message":"::1 - - [18/May/2021:10:14:40 +0000] \"GET /users/me HTTP/1.1\" 401 37 \"http://localhost:1234/\" \"Mozilla/5.0 (Macintosh; Intel Mac OS X 10_15_3) AppleWebKit/537.36 (KHTML, like Gecko) Chrome/90.0.4430.212 Safari/537.36\"\n","level":"info"}
{"message":"::1 - - [18/May/2021:10:14:51 +0000] \"GET /users/me HTTP/1.1\" 401 37 \"http://localhost:1234/\" \"Mozilla/5.0 (Macintosh; Intel Mac OS X 10_15_3) AppleWebKit/537.36 (KHTML, like Gecko) Chrome/90.0.4430.212 Safari/537.36\"\n","level":"info"}
{"message":"::1 - - [18/May/2021:10:15:06 +0000] \"GET /users/me HTTP/1.1\" 401 37 \"http://localhost:1234/\" \"Mozilla/5.0 (Macintosh; Intel Mac OS X 10_15_3) AppleWebKit/537.36 (KHTML, like Gecko) Chrome/90.0.4430.212 Safari/537.36\"\n","level":"info"}
{"message":"::1 - - [18/May/2021:10:15:26 +0000] \"POST /users/authenticate HTTP/1.1\" 200 120 \"http://localhost:1234/\" \"Mozilla/5.0 (Macintosh; Intel Mac OS X 10_15_3) AppleWebKit/537.36 (KHTML, like Gecko) Chrome/90.0.4430.212 Safari/537.36\"\n","level":"info"}
{"message":"::1 - - [18/May/2021:10:16:55 +0000] \"POST /users/authenticate HTTP/1.1\" 200 120 \"-\" \"PostmanRuntime/7.28.0\"\n","level":"info"}
{"message":"::1 - - [18/May/2021:10:18:25 +0000] \"POST /users/authenticate HTTP/1.1\" 200 120 \"-\" \"PostmanRuntime/7.28.0\"\n","level":"info"}
{"message":"::1 - - [18/May/2021:10:18:56 +0000] \"POST /users/authenticate HTTP/1.1\" 200 120 \"http://localhost:1234/\" \"Mozilla/5.0 (Macintosh; Intel Mac OS X 10_15_3) AppleWebKit/537.36 (KHTML, like Gecko) Chrome/90.0.4430.212 Safari/537.36\"\n","level":"info"}
{"message":"::1 - - [18/May/2021:10:21:22 +0000] \"POST /users/authenticate HTTP/1.1\" 200 120 \"http://localhost:1234/\" \"Mozilla/5.0 (Macintosh; Intel Mac OS X 10_15_3) AppleWebKit/537.36 (KHTML, like Gecko) Chrome/90.0.4430.212 Safari/537.36\"\n","level":"info"}
{"message":"::1 - - [18/May/2021:10:21:31 +0000] \"POST /users/authenticate HTTP/1.1\" 200 120 \"http://localhost:1234/\" \"Mozilla/5.0 (Macintosh; Intel Mac OS X 10_15_3) AppleWebKit/537.36 (KHTML, like Gecko) Chrome/90.0.4430.212 Safari/537.36\"\n","level":"info"}
{"message":"::1 - - [18/May/2021:10:24:18 +0000] \"POST /users/authenticate HTTP/1.1\" 200 120 \"http://localhost:1234/\" \"Mozilla/5.0 (Macintosh; Intel Mac OS X 10_15_3) AppleWebKit/537.36 (KHTML, like Gecko) Chrome/90.0.4430.212 Safari/537.36\"\n","level":"info"}
{"message":"::1 - - [18/May/2021:10:24:40 +0000] \"GET /users/me HTTP/1.1\" 200 120 \"http://localhost:1234/\" \"Mozilla/5.0 (Macintosh; Intel Mac OS X 10_15_3) AppleWebKit/537.36 (KHTML, like Gecko) Chrome/90.0.4430.212 Safari/537.36\"\n","level":"info"}
{"message":"::1 - - [18/May/2021:10:24:44 +0000] \"GET /users/me HTTP/1.1\" 304 - \"http://localhost:1234/\" \"Mozilla/5.0 (Macintosh; Intel Mac OS X 10_15_3) AppleWebKit/537.36 (KHTML, like Gecko) Chrome/90.0.4430.212 Safari/537.36\"\n","level":"info"}
{"message":"::1 - - [18/May/2021:10:28:22 +0000] \"GET /users/me HTTP/1.1\" 304 - \"http://localhost:1234/\" \"Mozilla/5.0 (Macintosh; Intel Mac OS X 10_15_3) AppleWebKit/537.36 (KHTML, like Gecko) Chrome/90.0.4430.212 Safari/537.36\"\n","level":"info"}
{"message":"::1 - - [18/May/2021:10:39:34 +0000] \"GET /users/me HTTP/1.1\" 304 - \"http://localhost:1234/\" \"Mozilla/5.0 (Macintosh; Intel Mac OS X 10_15_3) AppleWebKit/537.36 (KHTML, like Gecko) Chrome/90.0.4430.212 Safari/537.36\"\n","level":"info"}
{"message":"::1 - - [18/May/2021:10:39:43 +0000] \"GET /users/me HTTP/1.1\" 304 - \"http://localhost:1234/\" \"Mozilla/5.0 (Macintosh; Intel Mac OS X 10_15_3) AppleWebKit/537.36 (KHTML, like Gecko) Chrome/90.0.4430.212 Safari/537.36\"\n","level":"info"}
{"message":"::1 - - [18/May/2021:10:39:56 +0000] \"GET /users/me HTTP/1.1\" 304 - \"http://localhost:1234/\" \"Mozilla/5.0 (Macintosh; Intel Mac OS X 10_15_3) AppleWebKit/537.36 (KHTML, like Gecko) Chrome/90.0.4430.212 Safari/537.36\"\n","level":"info"}
{"message":"::1 - - [18/May/2021:10:39:58 +0000] \"GET /users/me HTTP/1.1\" 304 - \"http://localhost:1234/\" \"Mozilla/5.0 (Macintosh; Intel Mac OS X 10_15_3) AppleWebKit/537.36 (KHTML, like Gecko) Chrome/90.0.4430.212 Safari/537.36\"\n","level":"info"}
{"message":"::1 - - [18/May/2021:10:40:02 +0000] \"GET /users/me HTTP/1.1\" 304 - \"http://localhost:1234/\" \"Mozilla/5.0 (Macintosh; Intel Mac OS X 10_15_3) AppleWebKit/537.36 (KHTML, like Gecko) Chrome/90.0.4430.212 Safari/537.36\"\n","level":"info"}
{"message":"::1 - - [18/May/2021:10:40:12 +0000] \"GET /users/me HTTP/1.1\" 304 - \"http://localhost:1234/\" \"Mozilla/5.0 (Macintosh; Intel Mac OS X 10_15_3) AppleWebKit/537.36 (KHTML, like Gecko) Chrome/90.0.4430.212 Safari/537.36\"\n","level":"info"}
{"message":"::1 - - [18/May/2021:10:40:15 +0000] \"GET /users/me HTTP/1.1\" 304 - \"http://localhost:1234/\" \"Mozilla/5.0 (Macintosh; Intel Mac OS X 10_15_3) AppleWebKit/537.36 (KHTML, like Gecko) Chrome/90.0.4430.212 Safari/537.36\"\n","level":"info"}
{"message":"::1 - - [18/May/2021:12:10:05 +0000] \"GET /users/me HTTP/1.1\" 304 - \"http://localhost:1234/\" \"Mozilla/5.0 (Macintosh; Intel Mac OS X 10_15_3) AppleWebKit/537.36 (KHTML, like Gecko) Chrome/90.0.4430.212 Safari/537.36\"\n","level":"info"}
{"message":"::1 - - [18/May/2021:12:10:18 +0000] \"GET /users/me HTTP/1.1\" 304 - \"http://localhost:1234/\" \"Mozilla/5.0 (Macintosh; Intel Mac OS X 10_15_3) AppleWebKit/537.36 (KHTML, like Gecko) Chrome/90.0.4430.212 Safari/537.36\"\n","level":"info"}
{"message":"::1 - - [18/May/2021:12:55:32 +0000] \"GET /users/me HTTP/1.1\" 304 - \"http://localhost:1234/\" \"Mozilla/5.0 (Macintosh; Intel Mac OS X 10_15_3) AppleWebKit/537.36 (KHTML, like Gecko) Chrome/90.0.4430.212 Safari/537.36\"\n","level":"info"}
{"message":"::1 - - [19/May/2021:08:02:29 +0000] \"POST /users/ HTTP/1.1\" 201 120 \"-\" \"PostmanRuntime/7.28.0\"\n","level":"info"}
{"message":"::1 - - [19/May/2021:08:04:32 +0000] \"POST /users/ HTTP/1.1\" 201 115 \"-\" \"PostmanRuntime/7.28.0\"\n","level":"info"}
{"message":"::1 - - [19/May/2021:08:05:11 +0000] \"POST /users/authenticate HTTP/1.1\" 200 115 \"-\" \"PostmanRuntime/7.28.0\"\n","level":"info"}
{"message":"::1 - - [19/May/2021:08:06:00 +0000] \"GET /users/me HTTP/1.1\" - - \"-\" \"PostmanRuntime/7.28.0\"\n","level":"info"}
{"message":"::1 - - [19/May/2021:08:06:30 +0000] \"GET /users/authenticate HTTP/1.1\" 404 157 \"-\" \"PostmanRuntime/7.28.0\"\n","level":"info"}
{"message":"::1 - - [19/May/2021:08:06:36 +0000] \"POST /users/authenticate HTTP/1.1\" 200 120 \"-\" \"PostmanRuntime/7.28.0\"\n","level":"info"}
{"message":"::1 - - [19/May/2021:08:09:43 +0000] \"GET /users/me HTTP/1.1\" 200 120 \"-\" \"PostmanRuntime/7.28.0\"\n","level":"info"}
{"message":"::1 - - [19/May/2021:08:10:08 +0000] \"GET /users/authenticate HTTP/1.1\" 404 157 \"-\" \"PostmanRuntime/7.28.0\"\n","level":"info"}
{"message":"::1 - - [19/May/2021:08:10:12 +0000] \"POST /users/authenticate HTTP/1.1\" 200 115 \"-\" \"PostmanRuntime/7.28.0\"\n","level":"info"}
{"message":"::1 - - [19/May/2021:08:10:25 +0000] \"GET /users/me HTTP/1.1\" 200 115 \"-\" \"PostmanRuntime/7.28.0\"\n","level":"info"}
{"message":"::1 - - [19/May/2021:08:34:39 +0000] \"POST /users/authenticate HTTP/1.1\" 200 115 \"http://localhost:1234/\" \"Mozilla/5.0 (Macintosh; Intel Mac OS X 10_15_3) AppleWebKit/537.36 (KHTML, like Gecko) Chrome/90.0.4430.212 Safari/537.36\"\n","level":"info"}
{"message":"::1 - - [19/May/2021:08:35:26 +0000] \"OPTIONS /users/authenticate HTTP/1.1\" 200 4 \"http://localhost:1234/\" \"Mozilla/5.0 (Macintosh; Intel Mac OS X 10_15_3) AppleWebKit/537.36 (KHTML, like Gecko) Chrome/90.0.4430.212 Safari/537.36\"\n","level":"info"}
{"message":"::1 - - [19/May/2021:08:45:01 +0000] \"POST /users/authenticate HTTP/1.1\" 200 115 \"http://localhost:1234/\" \"Mozilla/5.0 (Macintosh; Intel Mac OS X 10_15_3) AppleWebKit/537.36 (KHTML, like Gecko) Chrome/90.0.4430.212 Safari/537.36\"\n","level":"info"}
{"message":"::1 - - [19/May/2021:08:45:34 +0000] \"POST /users/authenticate HTTP/1.1\" 200 115 \"http://localhost:1234/\" \"Mozilla/5.0 (Macintosh; Intel Mac OS X 10_15_3) AppleWebKit/537.36 (KHTML, like Gecko) Chrome/90.0.4430.212 Safari/537.36\"\n","level":"info"}
{"message":"::1 - - [19/May/2021:08:45:45 +0000] \"OPTIONS /users/authenticate HTTP/1.1\" 200 4 \"http://localhost:1234/\" \"Mozilla/5.0 (Macintosh; Intel Mac OS X 10_15_3) AppleWebKit/537.36 (KHTML, like Gecko) Chrome/90.0.4430.212 Safari/537.36\"\n","level":"info"}
{"message":"::1 - - [19/May/2021:08:46:25 +0000] \"POST /users/authenticate HTTP/1.1\" 200 115 \"http://localhost:1234/\" \"Mozilla/5.0 (Macintosh; Intel Mac OS X 10_15_3) AppleWebKit/537.36 (KHTML, like Gecko) Chrome/90.0.4430.212 Safari/537.36\"\n","level":"info"}
{"message":"::1 - - [19/May/2021:08:55:51 +0000] \"POST /users/authenticate HTTP/1.1\" 200 115 \"http://localhost:1234/\" \"Mozilla/5.0 (Macintosh; Intel Mac OS X 10_15_3) AppleWebKit/537.36 (KHTML, like Gecko) Chrome/90.0.4430.212 Safari/537.36\"\n","level":"info"}
{"message":"::1 - - [19/May/2021:08:58:50 +0000] \"POST /users/authenticate HTTP/1.1\" 200 115 \"http://localhost:1234/\" \"Mozilla/5.0 (Macintosh; Intel Mac OS X 10_15_3) AppleWebKit/537.36 (KHTML, like Gecko) Chrome/90.0.4430.212 Safari/537.36\"\n","level":"info"}
{"message":"::1 - - [19/May/2021:09:03:22 +0000] \"GET /users/me HTTP/1.1\" 200 115 \"http://localhost:1234/\" \"Mozilla/5.0 (Macintosh; Intel Mac OS X 10_15_3) AppleWebKit/537.36 (KHTML, like Gecko) Chrome/90.0.4430.212 Safari/537.36\"\n","level":"info"}
{"message":"::1 - - [19/May/2021:09:03:25 +0000] \"GET /users/me HTTP/1.1\" 304 - \"http://localhost:1234/\" \"Mozilla/5.0 (Macintosh; Intel Mac OS X 10_15_3) AppleWebKit/537.36 (KHTML, like Gecko) Chrome/90.0.4430.212 Safari/537.36\"\n","level":"info"}
{"message":"::1 - - [19/May/2021:09:03:27 +0000] \"GET /users/me HTTP/1.1\" 304 - \"http://localhost:1234/\" \"Mozilla/5.0 (Macintosh; Intel Mac OS X 10_15_3) AppleWebKit/537.36 (KHTML, like Gecko) Chrome/90.0.4430.212 Safari/537.36\"\n","level":"info"}
{"message":"::1 - - [19/May/2021:09:03:30 +0000] \"GET /users/me HTTP/1.1\" 304 - \"http://localhost:1234/\" \"Mozilla/5.0 (Macintosh; Intel Mac OS X 10_15_3) AppleWebKit/537.36 (KHTML, like Gecko) Chrome/90.0.4430.212 Safari/537.36\"\n","level":"info"}
{"message":"::1 - - [19/May/2021:09:03:40 +0000] \"GET /users/me HTTP/1.1\" 304 - \"http://localhost:1234/\" \"Mozilla/5.0 (Macintosh; Intel Mac OS X 10_15_3) AppleWebKit/537.36 (KHTML, like Gecko) Chrome/90.0.4430.212 Safari/537.36\"\n","level":"info"}
{"message":"::1 - - [19/May/2021:09:04:05 +0000] \"GET /users/me HTTP/1.1\" 304 - \"http://localhost:1234/\" \"Mozilla/5.0 (Macintosh; Intel Mac OS X 10_15_3) AppleWebKit/537.36 (KHTML, like Gecko) Chrome/90.0.4430.212 Safari/537.36\"\n","level":"info"}
{"message":"::1 - - [19/May/2021:09:04:14 +0000] \"GET /users/me HTTP/1.1\" 304 - \"http://localhost:1234/\" \"Mozilla/5.0 (Macintosh; Intel Mac OS X 10_15_3) AppleWebKit/537.36 (KHTML, like Gecko) Chrome/90.0.4430.212 Safari/537.36\"\n","level":"info"}
{"message":"::1 - - [19/May/2021:09:04:16 +0000] \"GET /users/me HTTP/1.1\" 304 - \"http://localhost:1234/\" \"Mozilla/5.0 (Macintosh; Intel Mac OS X 10_15_3) AppleWebKit/537.36 (KHTML, like Gecko) Chrome/90.0.4430.212 Safari/537.36\"\n","level":"info"}
{"message":"::1 - - [19/May/2021:09:04:17 +0000] \"GET /users/me HTTP/1.1\" 304 - \"http://localhost:1234/\" \"Mozilla/5.0 (Macintosh; Intel Mac OS X 10_15_3) AppleWebKit/537.36 (KHTML, like Gecko) Chrome/90.0.4430.212 Safari/537.36\"\n","level":"info"}
{"message":"::1 - - [19/May/2021:09:04:20 +0000] \"GET /users/me HTTP/1.1\" 304 - \"http://localhost:1234/\" \"Mozilla/5.0 (Macintosh; Intel Mac OS X 10_15_3) AppleWebKit/537.36 (KHTML, like Gecko) Chrome/90.0.4430.212 Safari/537.36\"\n","level":"info"}
{"message":"::1 - - [19/May/2021:09:04:21 +0000] \"GET /users/me HTTP/1.1\" 304 - \"http://localhost:1234/\" \"Mozilla/5.0 (Macintosh; Intel Mac OS X 10_15_3) AppleWebKit/537.36 (KHTML, like Gecko) Chrome/90.0.4430.212 Safari/537.36\"\n","level":"info"}
{"message":"::1 - - [19/May/2021:09:04:23 +0000] \"GET /users/me HTTP/1.1\" 304 - \"http://localhost:1234/\" \"Mozilla/5.0 (Macintosh; Intel Mac OS X 10_15_3) AppleWebKit/537.36 (KHTML, like Gecko) Chrome/90.0.4430.212 Safari/537.36\"\n","level":"info"}
{"message":"::1 - - [19/May/2021:09:04:34 +0000] \"GET /users/me HTTP/1.1\" 304 - \"http://localhost:1234/\" \"Mozilla/5.0 (Macintosh; Intel Mac OS X 10_15_3) AppleWebKit/537.36 (KHTML, like Gecko) Chrome/90.0.4430.212 Safari/537.36\"\n","level":"info"}
{"message":"::1 - - [19/May/2021:09:05:17 +0000] \"GET /users/me HTTP/1.1\" 403 14 \"http://localhost:1234/\" \"Mozilla/5.0 (Macintosh; Intel Mac OS X 10_15_3) AppleWebKit/537.36 (KHTML, like Gecko) Chrome/90.0.4430.212 Safari/537.36\"\n","level":"info"}
{"message":"::1 - - [19/May/2021:09:05:19 +0000] \"GET /users/me HTTP/1.1\" 403 14 \"http://localhost:1234/\" \"Mozilla/5.0 (Macintosh; Intel Mac OS X 10_15_3) AppleWebKit/537.36 (KHTML, like Gecko) Chrome/90.0.4430.212 Safari/537.36\"\n","level":"info"}
{"message":"::1 - - [19/May/2021:09:05:26 +0000] \"GET /users/me HTTP/1.1\" 403 14 \"http://localhost:1234/\" \"Mozilla/5.0 (Macintosh; Intel Mac OS X 10_15_3) AppleWebKit/537.36 (KHTML, like Gecko) Chrome/90.0.4430.212 Safari/537.36\"\n","level":"info"}
{"message":"::1 - - [19/May/2021:09:05:37 +0000] \"GET /users/me HTTP/1.1\" 403 14 \"http://localhost:1234/\" \"Mozilla/5.0 (Macintosh; Intel Mac OS X 10_15_3) AppleWebKit/537.36 (KHTML, like Gecko) Chrome/90.0.4430.212 Safari/537.36\"\n","level":"info"}
{"message":"::1 - - [19/May/2021:09:05:42 +0000] \"GET /users/me HTTP/1.1\" 403 14 \"http://localhost:1234/\" \"Mozilla/5.0 (Macintosh; Intel Mac OS X 10_15_3) AppleWebKit/537.36 (KHTML, like Gecko) Chrome/90.0.4430.212 Safari/537.36\"\n","level":"info"}
{"message":"::1 - - [19/May/2021:09:06:32 +0000] \"GET /users/me HTTP/1.1\" 403 14 \"http://localhost:1234/\" \"Mozilla/5.0 (Macintosh; Intel Mac OS X 10_15_3) AppleWebKit/537.36 (KHTML, like Gecko) Chrome/90.0.4430.212 Safari/537.36\"\n","level":"info"}
{"message":"::1 - - [19/May/2021:09:06:40 +0000] \"GET /users/me HTTP/1.1\" 403 14 \"http://localhost:1234/\" \"Mozilla/5.0 (Macintosh; Intel Mac OS X 10_15_3) AppleWebKit/537.36 (KHTML, like Gecko) Chrome/90.0.4430.212 Safari/537.36\"\n","level":"info"}
{"message":"::1 - - [19/May/2021:09:06:52 +0000] \"GET /users/me HTTP/1.1\" 403 14 \"http://localhost:1234/\" \"Mozilla/5.0 (Macintosh; Intel Mac OS X 10_15_3) AppleWebKit/537.36 (KHTML, like Gecko) Chrome/90.0.4430.212 Safari/537.36\"\n","level":"info"}
{"message":"::1 - - [19/May/2021:09:06:54 +0000] \"GET /users/me HTTP/1.1\" 403 14 \"http://localhost:1234/\" \"Mozilla/5.0 (Macintosh; Intel Mac OS X 10_15_3) AppleWebKit/537.36 (KHTML, like Gecko) Chrome/90.0.4430.212 Safari/537.36\"\n","level":"info"}
{"message":"::1 - - [19/May/2021:09:06:56 +0000] \"GET /users/me HTTP/1.1\" 403 14 \"http://localhost:1234/\" \"Mozilla/5.0 (Macintosh; Intel Mac OS X 10_15_3) AppleWebKit/537.36 (KHTML, like Gecko) Chrome/90.0.4430.212 Safari/537.36\"\n","level":"info"}
{"message":"::1 - - [19/May/2021:09:07:33 +0000] \"GET /users/me HTTP/1.1\" 403 14 \"http://localhost:1234/\" \"Mozilla/5.0 (Macintosh; Intel Mac OS X 10_15_3) AppleWebKit/537.36 (KHTML, like Gecko) Chrome/90.0.4430.212 Safari/537.36\"\n","level":"info"}
{"message":"::1 - - [19/May/2021:09:07:35 +0000] \"GET /users/me HTTP/1.1\" 403 14 \"http://localhost:1234/\" \"Mozilla/5.0 (Macintosh; Intel Mac OS X 10_15_3) AppleWebKit/537.36 (KHTML, like Gecko) Chrome/90.0.4430.212 Safari/537.36\"\n","level":"info"}
{"message":"::1 - - [19/May/2021:09:07:42 +0000] \"GET /users/me HTTP/1.1\" 403 14 \"http://localhost:1234/\" \"Mozilla/5.0 (Macintosh; Intel Mac OS X 10_15_3) AppleWebKit/537.36 (KHTML, like Gecko) Chrome/90.0.4430.212 Safari/537.36\"\n","level":"info"}
{"message":"::1 - - [19/May/2021:09:07:54 +0000] \"GET /users/me HTTP/1.1\" 403 14 \"http://localhost:1234/\" \"Mozilla/5.0 (Macintosh; Intel Mac OS X 10_15_3) AppleWebKit/537.36 (KHTML, like Gecko) Chrome/90.0.4430.212 Safari/537.36\"\n","level":"info"}
{"message":"::1 - - [19/May/2021:09:07:55 +0000] \"GET /users/me HTTP/1.1\" 403 14 \"http://localhost:1234/\" \"Mozilla/5.0 (Macintosh; Intel Mac OS X 10_15_3) AppleWebKit/537.36 (KHTML, like Gecko) Chrome/90.0.4430.212 Safari/537.36\"\n","level":"info"}
{"message":"::1 - - [19/May/2021:09:08:06 +0000] \"POST /users/authenticate HTTP/1.1\" 200 120 \"http://localhost:1234/\" \"Mozilla/5.0 (Macintosh; Intel Mac OS X 10_15_3) AppleWebKit/537.36 (KHTML, like Gecko) Chrome/90.0.4430.212 Safari/537.36\"\n","level":"info"}
{"message":"::1 - - [19/May/2021:09:08:19 +0000] \"GET /users/me HTTP/1.1\" 200 120 \"http://localhost:1234/\" \"Mozilla/5.0 (Macintosh; Intel Mac OS X 10_15_3) AppleWebKit/537.36 (KHTML, like Gecko) Chrome/90.0.4430.212 Safari/537.36\"\n","level":"info"}
{"message":"::1 - - [19/May/2021:09:08:25 +0000] \"GET /users/me HTTP/1.1\" 304 - \"http://localhost:1234/\" \"Mozilla/5.0 (Macintosh; Intel Mac OS X 10_15_3) AppleWebKit/537.36 (KHTML, like Gecko) Chrome/90.0.4430.212 Safari/537.36\"\n","level":"info"}
{"message":"::1 - - [19/May/2021:09:08:44 +0000] \"GET /users/me HTTP/1.1\" 304 - \"http://localhost:1234/\" \"Mozilla/5.0 (Macintosh; Intel Mac OS X 10_15_3) AppleWebKit/537.36 (KHTML, like Gecko) Chrome/90.0.4430.212 Safari/537.36\"\n","level":"info"}
{"message":"::1 - - [19/May/2021:09:08:45 +0000] \"GET /users/me HTTP/1.1\" 304 - \"http://localhost:1234/\" \"Mozilla/5.0 (Macintosh; Intel Mac OS X 10_15_3) AppleWebKit/537.36 (KHTML, like Gecko) Chrome/90.0.4430.212 Safari/537.36\"\n","level":"info"}
{"message":"::1 - - [19/May/2021:09:08:46 +0000] \"GET /users/me HTTP/1.1\" 304 - \"http://localhost:1234/\" \"Mozilla/5.0 (Macintosh; Intel Mac OS X 10_15_3) AppleWebKit/537.36 (KHTML, like Gecko) Chrome/90.0.4430.212 Safari/537.36\"\n","level":"info"}
{"message":"::1 - - [19/May/2021:09:08:47 +0000] \"GET /users/me HTTP/1.1\" 304 - \"http://localhost:1234/\" \"Mozilla/5.0 (Macintosh; Intel Mac OS X 10_15_3) AppleWebKit/537.36 (KHTML, like Gecko) Chrome/90.0.4430.212 Safari/537.36\"\n","level":"info"}
{"message":"::1 - - [19/May/2021:09:08:48 +0000] \"GET /users/me HTTP/1.1\" 304 - \"http://localhost:1234/\" \"Mozilla/5.0 (Macintosh; Intel Mac OS X 10_15_3) AppleWebKit/537.36 (KHTML, like Gecko) Chrome/90.0.4430.212 Safari/537.36\"\n","level":"info"}
{"message":"::1 - - [19/May/2021:09:08:55 +0000] \"GET /users/me HTTP/1.1\" 304 - \"http://localhost:1234/\" \"Mozilla/5.0 (Macintosh; Intel Mac OS X 10_15_3) AppleWebKit/537.36 (KHTML, like Gecko) Chrome/90.0.4430.212 Safari/537.36\"\n","level":"info"}
{"message":"::1 - - [19/May/2021:09:09:04 +0000] \"GET /users/me HTTP/1.1\" 304 - \"http://localhost:1234/\" \"Mozilla/5.0 (Macintosh; Intel Mac OS X 10_15_3) AppleWebKit/537.36 (KHTML, like Gecko) Chrome/90.0.4430.212 Safari/537.36\"\n","level":"info"}
{"message":"::1 - - [19/May/2021:09:09:12 +0000] \"GET /users/me HTTP/1.1\" 304 - \"http://localhost:1234/\" \"Mozilla/5.0 (Macintosh; Intel Mac OS X 10_15_3) AppleWebKit/537.36 (KHTML, like Gecko) Chrome/90.0.4430.212 Safari/537.36\"\n","level":"info"}
{"message":"::1 - - [19/May/2021:09:09:15 +0000] \"GET /users/me HTTP/1.1\" 304 - \"http://localhost:1234/\" \"Mozilla/5.0 (Macintosh; Intel Mac OS X 10_15_3) AppleWebKit/537.36 (KHTML, like Gecko) Chrome/90.0.4430.212 Safari/537.36\"\n","level":"info"}
{"message":"::1 - - [19/May/2021:09:23:28 +0000] \"GET /users/me HTTP/1.1\" 200 120 \"http://localhost:1234/\" \"Mozilla/5.0 (Macintosh; Intel Mac OS X 10_15_3) AppleWebKit/537.36 (KHTML, like Gecko) Chrome/90.0.4430.212 Safari/537.36\"\n","level":"info"}
{"message":"::1 - - [19/May/2021:09:24:01 +0000] \"GET /users/me HTTP/1.1\" 304 - \"http://localhost:1234/\" \"Mozilla/5.0 (Macintosh; Intel Mac OS X 10_15_3) AppleWebKit/537.36 (KHTML, like Gecko) Chrome/90.0.4430.212 Safari/537.36\"\n","level":"info"}
{"message":"::1 - - [19/May/2021:09:24:22 +0000] \"GET /users/me HTTP/1.1\" 304 - \"http://localhost:1234/\" \"Mozilla/5.0 (Macintosh; Intel Mac OS X 10_15_3) AppleWebKit/537.36 (KHTML, like Gecko) Chrome/90.0.4430.212 Safari/537.36\"\n","level":"info"}
{"message":"::1 - - [19/May/2021:09:24:34 +0000] \"GET /users/me HTTP/1.1\" 304 - \"http://localhost:1234/\" \"Mozilla/5.0 (Macintosh; Intel Mac OS X 10_15_3) AppleWebKit/537.36 (KHTML, like Gecko) Chrome/90.0.4430.212 Safari/537.36\"\n","level":"info"}
{"message":"::1 - - [19/May/2021:09:24:46 +0000] \"GET /users/me HTTP/1.1\" 304 - \"http://localhost:1234/\" \"Mozilla/5.0 (Macintosh; Intel Mac OS X 10_15_3) AppleWebKit/537.36 (KHTML, like Gecko) Chrome/90.0.4430.212 Safari/537.36\"\n","level":"info"}
{"message":"::1 - - [19/May/2021:09:24:51 +0000] \"GET /users/me HTTP/1.1\" 304 - \"http://localhost:1234/\" \"Mozilla/5.0 (Macintosh; Intel Mac OS X 10_15_3) AppleWebKit/537.36 (KHTML, like Gecko) Chrome/90.0.4430.212 Safari/537.36\"\n","level":"info"}
{"message":"::1 - - [19/May/2021:09:25:09 +0000] \"GET /users/me HTTP/1.1\" 304 - \"http://localhost:1234/\" \"Mozilla/5.0 (Macintosh; Intel Mac OS X 10_15_3) AppleWebKit/537.36 (KHTML, like Gecko) Chrome/90.0.4430.212 Safari/537.36\"\n","level":"info"}
{"message":"::1 - - [19/May/2021:09:25:19 +0000] \"GET /users/me HTTP/1.1\" 304 - \"http://localhost:1234/\" \"Mozilla/5.0 (Macintosh; Intel Mac OS X 10_15_3) AppleWebKit/537.36 (KHTML, like Gecko) Chrome/90.0.4430.212 Safari/537.36\"\n","level":"info"}
{"message":"::1 - - [19/May/2021:09:25:28 +0000] \"GET /users/me HTTP/1.1\" 304 - \"http://localhost:1234/\" \"Mozilla/5.0 (Macintosh; Intel Mac OS X 10_15_3) AppleWebKit/537.36 (KHTML, like Gecko) Chrome/90.0.4430.212 Safari/537.36\"\n","level":"info"}
{"message":"::1 - - [19/May/2021:09:25:49 +0000] \"GET /users/me HTTP/1.1\" 304 - \"http://localhost:1234/\" \"Mozilla/5.0 (Macintosh; Intel Mac OS X 10_15_3) AppleWebKit/537.36 (KHTML, like Gecko) Chrome/90.0.4430.212 Safari/537.36\"\n","level":"info"}
{"message":"::1 - - [19/May/2021:09:26:21 +0000] \"GET /users/me HTTP/1.1\" 304 - \"http://localhost:1234/\" \"Mozilla/5.0 (Macintosh; Intel Mac OS X 10_15_3) AppleWebKit/537.36 (KHTML, like Gecko) Chrome/90.0.4430.212 Safari/537.36\"\n","level":"info"}
{"message":"::1 - - [20/May/2021:08:06:38 +0000] \"GET /users/me HTTP/1.1\" - - \"http://localhost:1234/\" \"Mozilla/5.0 (Macintosh; Intel Mac OS X 10_15_3) AppleWebKit/537.36 (KHTML, like Gecko) Chrome/90.0.4430.212 Safari/537.36\"\n","level":"info"}
{"message":"::1 - - [20/May/2021:08:06:42 +0000] \"GET /users/me HTTP/1.1\" 200 120 \"http://localhost:1234/\" \"Mozilla/5.0 (Macintosh; Intel Mac OS X 10_15_3) AppleWebKit/537.36 (KHTML, like Gecko) Chrome/90.0.4430.212 Safari/537.36\"\n","level":"info"}
{"level":"warn","message":"Error: User with the specified email does not exists\n    at /Users/quentindanneville/Desktop/dev/lab/layered-express-api/src/modules/User/service.js:32:19\n    at Generator.next (<anonymous>)\n    at asyncGeneratorStep (/Users/quentindanneville/Desktop/dev/lab/layered-express-api/src/modules/User/service.js:14:103)\n    at _next (/Users/quentindanneville/Desktop/dev/lab/layered-express-api/src/modules/User/service.js:16:194)\n    at processTicksAndRejections (internal/process/task_queues.js:93:5)"}
{"message":"::1 - - [20/May/2021:08:24:41 +0000] \"POST /users/authenticate HTTP/1.1\" 400 76 \"http://localhost:1234/\" \"Mozilla/5.0 (Macintosh; Intel Mac OS X 10_15_3) AppleWebKit/537.36 (KHTML, like Gecko) Chrome/90.0.4430.212 Safari/537.36\"\n","level":"info"}
{"level":"warn","message":"Error: User with the specified email does not exists\n    at /Users/quentindanneville/Desktop/dev/lab/layered-express-api/src/modules/User/service.js:32:19\n    at Generator.next (<anonymous>)\n    at asyncGeneratorStep (/Users/quentindanneville/Desktop/dev/lab/layered-express-api/src/modules/User/service.js:14:103)\n    at _next (/Users/quentindanneville/Desktop/dev/lab/layered-express-api/src/modules/User/service.js:16:194)\n    at processTicksAndRejections (internal/process/task_queues.js:93:5)"}
{"message":"::1 - - [20/May/2021:08:25:39 +0000] \"POST /users/authenticate HTTP/1.1\" 400 76 \"http://localhost:1234/\" \"Mozilla/5.0 (Macintosh; Intel Mac OS X 10_15_3) AppleWebKit/537.36 (KHTML, like Gecko) Chrome/90.0.4430.212 Safari/537.36\"\n","level":"info"}
{"level":"warn","message":"Error: User with the specified email does not exists\n    at /Users/quentindanneville/Desktop/dev/lab/layered-express-api/src/modules/User/service.js:32:19\n    at Generator.next (<anonymous>)\n    at asyncGeneratorStep (/Users/quentindanneville/Desktop/dev/lab/layered-express-api/src/modules/User/service.js:14:103)\n    at _next (/Users/quentindanneville/Desktop/dev/lab/layered-express-api/src/modules/User/service.js:16:194)\n    at processTicksAndRejections (internal/process/task_queues.js:93:5)"}
{"message":"::1 - - [20/May/2021:08:27:00 +0000] \"POST /users/authenticate HTTP/1.1\" 400 76 \"http://localhost:1234/\" \"Mozilla/5.0 (Macintosh; Intel Mac OS X 10_15_3) AppleWebKit/537.36 (KHTML, like Gecko) Chrome/90.0.4430.212 Safari/537.36\"\n","level":"info"}
{"level":"warn","message":"Error: User with the specified email does not exists\n    at /Users/quentindanneville/Desktop/dev/lab/layered-express-api/src/modules/User/service.js:32:19\n    at Generator.next (<anonymous>)\n    at asyncGeneratorStep (/Users/quentindanneville/Desktop/dev/lab/layered-express-api/src/modules/User/service.js:14:103)\n    at _next (/Users/quentindanneville/Desktop/dev/lab/layered-express-api/src/modules/User/service.js:16:194)\n    at processTicksAndRejections (internal/process/task_queues.js:93:5)"}
{"message":"::1 - - [20/May/2021:08:28:22 +0000] \"POST /users/authenticate HTTP/1.1\" 400 76 \"http://localhost:1234/\" \"Mozilla/5.0 (Macintosh; Intel Mac OS X 10_15_3) AppleWebKit/537.36 (KHTML, like Gecko) Chrome/90.0.4430.212 Safari/537.36\"\n","level":"info"}
{"level":"warn","message":"Error: User with the specified email does not exists\n    at /Users/quentindanneville/Desktop/dev/lab/layered-express-api/src/modules/User/service.js:32:19\n    at Generator.next (<anonymous>)\n    at asyncGeneratorStep (/Users/quentindanneville/Desktop/dev/lab/layered-express-api/src/modules/User/service.js:14:103)\n    at _next (/Users/quentindanneville/Desktop/dev/lab/layered-express-api/src/modules/User/service.js:16:194)\n    at processTicksAndRejections (internal/process/task_queues.js:93:5)"}
{"message":"::1 - - [20/May/2021:08:30:11 +0000] \"POST /users/authenticate HTTP/1.1\" 400 76 \"http://localhost:1234/\" \"Mozilla/5.0 (Macintosh; Intel Mac OS X 10_15_3) AppleWebKit/537.36 (KHTML, like Gecko) Chrome/90.0.4430.212 Safari/537.36\"\n","level":"info"}
{"level":"warn","message":"Error: User with the specified email does not exists\n    at /Users/quentindanneville/Desktop/dev/lab/layered-express-api/src/modules/User/service.js:32:19\n    at Generator.next (<anonymous>)\n    at asyncGeneratorStep (/Users/quentindanneville/Desktop/dev/lab/layered-express-api/src/modules/User/service.js:14:103)\n    at _next (/Users/quentindanneville/Desktop/dev/lab/layered-express-api/src/modules/User/service.js:16:194)\n    at processTicksAndRejections (internal/process/task_queues.js:93:5)"}
{"message":"::1 - - [20/May/2021:08:31:23 +0000] \"POST /users/authenticate HTTP/1.1\" 400 76 \"http://localhost:1234/\" \"Mozilla/5.0 (Macintosh; Intel Mac OS X 10_15_3) AppleWebKit/537.36 (KHTML, like Gecko) Chrome/90.0.4430.212 Safari/537.36\"\n","level":"info"}
{"level":"warn","message":"Error: User with the specified email does not exists\n    at /Users/quentindanneville/Desktop/dev/lab/layered-express-api/src/modules/User/service.js:32:19\n    at Generator.next (<anonymous>)\n    at asyncGeneratorStep (/Users/quentindanneville/Desktop/dev/lab/layered-express-api/src/modules/User/service.js:14:103)\n    at _next (/Users/quentindanneville/Desktop/dev/lab/layered-express-api/src/modules/User/service.js:16:194)\n    at processTicksAndRejections (internal/process/task_queues.js:93:5)"}
{"message":"::1 - - [20/May/2021:08:31:55 +0000] \"POST /users/authenticate HTTP/1.1\" 400 76 \"http://localhost:1234/\" \"Mozilla/5.0 (Macintosh; Intel Mac OS X 10_15_3) AppleWebKit/537.36 (KHTML, like Gecko) Chrome/90.0.4430.212 Safari/537.36\"\n","level":"info"}
{"level":"warn","message":"Error: User with the specified email does not exists\n    at /Users/quentindanneville/Desktop/dev/lab/layered-express-api/src/modules/User/service.js:32:19\n    at Generator.next (<anonymous>)\n    at asyncGeneratorStep (/Users/quentindanneville/Desktop/dev/lab/layered-express-api/src/modules/User/service.js:14:103)\n    at _next (/Users/quentindanneville/Desktop/dev/lab/layered-express-api/src/modules/User/service.js:16:194)\n    at processTicksAndRejections (internal/process/task_queues.js:93:5)"}
{"message":"::1 - - [20/May/2021:08:31:59 +0000] \"POST /users/authenticate HTTP/1.1\" 400 76 \"http://localhost:1234/\" \"Mozilla/5.0 (Macintosh; Intel Mac OS X 10_15_3) AppleWebKit/537.36 (KHTML, like Gecko) Chrome/90.0.4430.212 Safari/537.36\"\n","level":"info"}
{"level":"warn","message":"Error: User with the specified email does not exists\n    at /Users/quentindanneville/Desktop/dev/lab/layered-express-api/src/modules/User/service.js:32:19\n    at Generator.next (<anonymous>)\n    at asyncGeneratorStep (/Users/quentindanneville/Desktop/dev/lab/layered-express-api/src/modules/User/service.js:14:103)\n    at _next (/Users/quentindanneville/Desktop/dev/lab/layered-express-api/src/modules/User/service.js:16:194)\n    at processTicksAndRejections (internal/process/task_queues.js:93:5)"}
{"message":"::1 - - [20/May/2021:08:32:08 +0000] \"POST /users/authenticate HTTP/1.1\" 400 76 \"http://localhost:1234/\" \"Mozilla/5.0 (Macintosh; Intel Mac OS X 10_15_3) AppleWebKit/537.36 (KHTML, like Gecko) Chrome/90.0.4430.212 Safari/537.36\"\n","level":"info"}
{"message":"::1 - - [20/May/2021:08:35:13 +0000] \"POST /users/authenticate HTTP/1.1\" 200 120 \"http://localhost:1234/\" \"Mozilla/5.0 (Macintosh; Intel Mac OS X 10_15_3) AppleWebKit/537.36 (KHTML, like Gecko) Chrome/90.0.4430.212 Safari/537.36\"\n","level":"info"}
{"message":"::1 - - [20/May/2021:08:35:16 +0000] \"POST /users/authenticate HTTP/1.1\" 200 120 \"http://localhost:1234/\" \"Mozilla/5.0 (Macintosh; Intel Mac OS X 10_15_3) AppleWebKit/537.36 (KHTML, like Gecko) Chrome/90.0.4430.212 Safari/537.36\"\n","level":"info"}
{"message":"::1 - - [20/May/2021:09:56:37 +0000] \"GET /users/me HTTP/1.1\" 304 - \"http://localhost:1234/\" \"Mozilla/5.0 (Macintosh; Intel Mac OS X 10_15_3) AppleWebKit/537.36 (KHTML, like Gecko) Chrome/90.0.4430.212 Safari/537.36\"\n","level":"info"}
{"message":"::1 - - [20/May/2021:09:56:37 +0000] \"GET /users/me HTTP/1.1\" 304 - \"http://localhost:1234/\" \"Mozilla/5.0 (Macintosh; Intel Mac OS X 10_15_3) AppleWebKit/537.36 (KHTML, like Gecko) Chrome/90.0.4430.212 Safari/537.36\"\n","level":"info"}
{"message":"::1 - - [20/May/2021:09:56:47 +0000] \"GET /users/me HTTP/1.1\" 304 - \"http://localhost:1234/\" \"Mozilla/5.0 (Macintosh; Intel Mac OS X 10_15_3) AppleWebKit/537.36 (KHTML, like Gecko) Chrome/90.0.4430.212 Safari/537.36\"\n","level":"info"}
{"message":"::1 - - [20/May/2021:09:56:48 +0000] \"GET /users/me HTTP/1.1\" 304 - \"http://localhost:1234/\" \"Mozilla/5.0 (Macintosh; Intel Mac OS X 10_15_3) AppleWebKit/537.36 (KHTML, like Gecko) Chrome/90.0.4430.212 Safari/537.36\"\n","level":"info"}
{"message":"::1 - - [20/May/2021:09:57:41 +0000] \"GET /users/me HTTP/1.1\" 304 - \"http://localhost:1234/\" \"Mozilla/5.0 (Macintosh; Intel Mac OS X 10_15_3) AppleWebKit/537.36 (KHTML, like Gecko) Chrome/90.0.4430.212 Safari/537.36\"\n","level":"info"}
{"message":"::1 - - [20/May/2021:09:57:41 +0000] \"GET /users/me HTTP/1.1\" 304 - \"http://localhost:1234/\" \"Mozilla/5.0 (Macintosh; Intel Mac OS X 10_15_3) AppleWebKit/537.36 (KHTML, like Gecko) Chrome/90.0.4430.212 Safari/537.36\"\n","level":"info"}
{"message":"::1 - - [20/May/2021:09:57:43 +0000] \"GET /users/me HTTP/1.1\" 304 - \"http://localhost:1234/\" \"Mozilla/5.0 (Macintosh; Intel Mac OS X 10_15_3) AppleWebKit/537.36 (KHTML, like Gecko) Chrome/90.0.4430.212 Safari/537.36\"\n","level":"info"}
{"message":"::1 - - [20/May/2021:09:58:04 +0000] \"GET /users/me HTTP/1.1\" 403 14 \"http://localhost:1234/\" \"Mozilla/5.0 (Macintosh; Intel Mac OS X 10_15_3) AppleWebKit/537.36 (KHTML, like Gecko) Chrome/90.0.4430.212 Safari/537.36\"\n","level":"info"}
{"message":"::1 - - [20/May/2021:09:58:11 +0000] \"GET /users/me HTTP/1.1\" 403 14 \"http://localhost:1234/\" \"Mozilla/5.0 (Macintosh; Intel Mac OS X 10_15_3) AppleWebKit/537.36 (KHTML, like Gecko) Chrome/90.0.4430.212 Safari/537.36\"\n","level":"info"}
{"message":"::1 - - [20/May/2021:09:58:22 +0000] \"GET /users/me HTTP/1.1\" 403 14 \"http://localhost:1234/\" \"Mozilla/5.0 (Macintosh; Intel Mac OS X 10_15_3) AppleWebKit/537.36 (KHTML, like Gecko) Chrome/90.0.4430.212 Safari/537.36\"\n","level":"info"}
{"message":"::1 - - [20/May/2021:09:58:22 +0000] \"GET /users/me HTTP/1.1\" 403 14 \"http://localhost:1234/\" \"Mozilla/5.0 (Macintosh; Intel Mac OS X 10_15_3) AppleWebKit/537.36 (KHTML, like Gecko) Chrome/90.0.4430.212 Safari/537.36\"\n","level":"info"}
{"message":"::1 - - [20/May/2021:09:58:30 +0000] \"GET /users/me HTTP/1.1\" 403 14 \"http://localhost:1234/\" \"Mozilla/5.0 (Macintosh; Intel Mac OS X 10_15_3) AppleWebKit/537.36 (KHTML, like Gecko) Chrome/90.0.4430.212 Safari/537.36\"\n","level":"info"}
{"message":"::1 - - [20/May/2021:09:58:31 +0000] \"GET /users/me HTTP/1.1\" 403 14 \"http://localhost:1234/\" \"Mozilla/5.0 (Macintosh; Intel Mac OS X 10_15_3) AppleWebKit/537.36 (KHTML, like Gecko) Chrome/90.0.4430.212 Safari/537.36\"\n","level":"info"}
{"message":"::1 - - [20/May/2021:10:00:26 +0000] \"GET /users/me HTTP/1.1\" 403 14 \"http://localhost:1234/\" \"Mozilla/5.0 (Macintosh; Intel Mac OS X 10_15_3) AppleWebKit/537.36 (KHTML, like Gecko) Chrome/90.0.4430.212 Safari/537.36\"\n","level":"info"}
{"message":"::1 - - [20/May/2021:10:00:26 +0000] \"GET /users/me HTTP/1.1\" 403 14 \"http://localhost:1234/\" \"Mozilla/5.0 (Macintosh; Intel Mac OS X 10_15_3) AppleWebKit/537.36 (KHTML, like Gecko) Chrome/90.0.4430.212 Safari/537.36\"\n","level":"info"}
{"message":"::1 - - [20/May/2021:10:01:04 +0000] \"GET /users/me HTTP/1.1\" 403 14 \"http://localhost:1234/\" \"Mozilla/5.0 (Macintosh; Intel Mac OS X 10_15_3) AppleWebKit/537.36 (KHTML, like Gecko) Chrome/90.0.4430.212 Safari/537.36\"\n","level":"info"}
{"message":"::1 - - [20/May/2021:10:01:04 +0000] \"GET /users/me HTTP/1.1\" 403 14 \"http://localhost:1234/\" \"Mozilla/5.0 (Macintosh; Intel Mac OS X 10_15_3) AppleWebKit/537.36 (KHTML, like Gecko) Chrome/90.0.4430.212 Safari/537.36\"\n","level":"info"}
{"message":"::1 - - [20/May/2021:10:01:07 +0000] \"GET /users/me HTTP/1.1\" 403 14 \"http://localhost:1234/\" \"Mozilla/5.0 (Macintosh; Intel Mac OS X 10_15_3) AppleWebKit/537.36 (KHTML, like Gecko) Chrome/90.0.4430.212 Safari/537.36\"\n","level":"info"}
{"message":"::1 - - [20/May/2021:10:04:39 +0000] \"GET /users/me HTTP/1.1\" 403 14 \"http://localhost:1234/\" \"Mozilla/5.0 (Macintosh; Intel Mac OS X 10_15_3) AppleWebKit/537.36 (KHTML, like Gecko) Chrome/90.0.4430.212 Safari/537.36\"\n","level":"info"}
{"message":"::1 - - [20/May/2021:10:04:39 +0000] \"GET /users/me HTTP/1.1\" 403 14 \"http://localhost:1234/\" \"Mozilla/5.0 (Macintosh; Intel Mac OS X 10_15_3) AppleWebKit/537.36 (KHTML, like Gecko) Chrome/90.0.4430.212 Safari/537.36\"\n","level":"info"}
{"message":"::1 - - [20/May/2021:10:04:43 +0000] \"GET /users/me HTTP/1.1\" 403 14 \"http://localhost:1234/\" \"Mozilla/5.0 (Macintosh; Intel Mac OS X 10_15_3) AppleWebKit/537.36 (KHTML, like Gecko) Chrome/90.0.4430.212 Safari/537.36\"\n","level":"info"}
{"message":"::1 - - [20/May/2021:10:04:57 +0000] \"GET /users/me HTTP/1.1\" 403 14 \"http://localhost:1234/\" \"Mozilla/5.0 (Macintosh; Intel Mac OS X 10_15_3) AppleWebKit/537.36 (KHTML, like Gecko) Chrome/90.0.4430.212 Safari/537.36\"\n","level":"info"}
{"message":"::1 - - [20/May/2021:10:04:57 +0000] \"GET /users/me HTTP/1.1\" 403 14 \"http://localhost:1234/\" \"Mozilla/5.0 (Macintosh; Intel Mac OS X 10_15_3) AppleWebKit/537.36 (KHTML, like Gecko) Chrome/90.0.4430.212 Safari/537.36\"\n","level":"info"}
{"message":"::1 - - [20/May/2021:10:05:02 +0000] \"GET /users/me HTTP/1.1\" 403 14 \"http://localhost:1234/\" \"Mozilla/5.0 (Macintosh; Intel Mac OS X 10_15_3) AppleWebKit/537.36 (KHTML, like Gecko) Chrome/90.0.4430.212 Safari/537.36\"\n","level":"info"}
{"message":"::1 - - [20/May/2021:10:05:03 +0000] \"GET /users/me HTTP/1.1\" 403 14 \"http://localhost:1234/\" \"Mozilla/5.0 (Macintosh; Intel Mac OS X 10_15_3) AppleWebKit/537.36 (KHTML, like Gecko) Chrome/90.0.4430.212 Safari/537.36\"\n","level":"info"}
{"message":"::1 - - [20/May/2021:10:05:54 +0000] \"GET /users/me HTTP/1.1\" 403 14 \"http://localhost:1234/\" \"Mozilla/5.0 (Macintosh; Intel Mac OS X 10_15_3) AppleWebKit/537.36 (KHTML, like Gecko) Chrome/90.0.4430.212 Safari/537.36\"\n","level":"info"}
{"message":"::1 - - [20/May/2021:10:05:54 +0000] \"GET /users/me HTTP/1.1\" 403 14 \"http://localhost:1234/\" \"Mozilla/5.0 (Macintosh; Intel Mac OS X 10_15_3) AppleWebKit/537.36 (KHTML, like Gecko) Chrome/90.0.4430.212 Safari/537.36\"\n","level":"info"}
{"message":"::1 - - [20/May/2021:10:06:12 +0000] \"GET /users/me HTTP/1.1\" 403 14 \"http://localhost:1234/\" \"Mozilla/5.0 (Macintosh; Intel Mac OS X 10_15_3) AppleWebKit/537.36 (KHTML, like Gecko) Chrome/90.0.4430.212 Safari/537.36\"\n","level":"info"}
{"message":"::1 - - [20/May/2021:10:06:12 +0000] \"GET /users/me HTTP/1.1\" 403 14 \"http://localhost:1234/\" \"Mozilla/5.0 (Macintosh; Intel Mac OS X 10_15_3) AppleWebKit/537.36 (KHTML, like Gecko) Chrome/90.0.4430.212 Safari/537.36\"\n","level":"info"}
{"message":"::1 - - [20/May/2021:10:06:20 +0000] \"GET /users/me HTTP/1.1\" 403 14 \"http://localhost:1234/\" \"Mozilla/5.0 (Macintosh; Intel Mac OS X 10_15_3) AppleWebKit/537.36 (KHTML, like Gecko) Chrome/90.0.4430.212 Safari/537.36\"\n","level":"info"}
{"message":"::1 - - [20/May/2021:10:06:25 +0000] \"POST /users/authenticate HTTP/1.1\" 200 120 \"http://localhost:1234/\" \"Mozilla/5.0 (Macintosh; Intel Mac OS X 10_15_3) AppleWebKit/537.36 (KHTML, like Gecko) Chrome/90.0.4430.212 Safari/537.36\"\n","level":"info"}
{"message":"::1 - - [20/May/2021:10:07:29 +0000] \"GET /users/me HTTP/1.1\" 200 120 \"http://localhost:1234/\" \"Mozilla/5.0 (Macintosh; Intel Mac OS X 10_15_3) AppleWebKit/537.36 (KHTML, like Gecko) Chrome/90.0.4430.212 Safari/537.36\"\n","level":"info"}
{"message":"::1 - - [20/May/2021:10:07:29 +0000] \"GET /users/me HTTP/1.1\" 304 - \"http://localhost:1234/\" \"Mozilla/5.0 (Macintosh; Intel Mac OS X 10_15_3) AppleWebKit/537.36 (KHTML, like Gecko) Chrome/90.0.4430.212 Safari/537.36\"\n","level":"info"}
{"message":"::1 - - [20/May/2021:10:07:56 +0000] \"GET /users/me HTTP/1.1\" 304 - \"http://localhost:1234/\" \"Mozilla/5.0 (Macintosh; Intel Mac OS X 10_15_3) AppleWebKit/537.36 (KHTML, like Gecko) Chrome/90.0.4430.212 Safari/537.36\"\n","level":"info"}
{"message":"::1 - - [20/May/2021:10:07:56 +0000] \"GET /users/me HTTP/1.1\" 304 - \"http://localhost:1234/\" \"Mozilla/5.0 (Macintosh; Intel Mac OS X 10_15_3) AppleWebKit/537.36 (KHTML, like Gecko) Chrome/90.0.4430.212 Safari/537.36\"\n","level":"info"}
{"message":"::1 - - [20/May/2021:10:08:01 +0000] \"GET /users/me HTTP/1.1\" 304 - \"http://localhost:1234/\" \"Mozilla/5.0 (Macintosh; Intel Mac OS X 10_15_3) AppleWebKit/537.36 (KHTML, like Gecko) Chrome/90.0.4430.212 Safari/537.36\"\n","level":"info"}
{"message":"::1 - - [20/May/2021:10:08:07 +0000] \"POST /users/authenticate HTTP/1.1\" 200 120 \"http://localhost:1234/\" \"Mozilla/5.0 (Macintosh; Intel Mac OS X 10_15_3) AppleWebKit/537.36 (KHTML, like Gecko) Chrome/90.0.4430.212 Safari/537.36\"\n","level":"info"}
{"message":"::1 - - [20/May/2021:10:08:48 +0000] \"GET /users/me HTTP/1.1\" 304 - \"http://localhost:1234/\" \"Mozilla/5.0 (Macintosh; Intel Mac OS X 10_15_3) AppleWebKit/537.36 (KHTML, like Gecko) Chrome/90.0.4430.212 Safari/537.36\"\n","level":"info"}
{"message":"::1 - - [20/May/2021:10:08:48 +0000] \"GET /users/me HTTP/1.1\" 304 - \"http://localhost:1234/\" \"Mozilla/5.0 (Macintosh; Intel Mac OS X 10_15_3) AppleWebKit/537.36 (KHTML, like Gecko) Chrome/90.0.4430.212 Safari/537.36\"\n","level":"info"}
{"message":"::1 - - [20/May/2021:10:08:53 +0000] \"POST /users/authenticate HTTP/1.1\" 200 120 \"http://localhost:1234/\" \"Mozilla/5.0 (Macintosh; Intel Mac OS X 10_15_3) AppleWebKit/537.36 (KHTML, like Gecko) Chrome/90.0.4430.212 Safari/537.36\"\n","level":"info"}
{"message":"::1 - - [20/May/2021:10:08:59 +0000] \"GET /users/me HTTP/1.1\" 403 14 \"http://localhost:1234/\" \"Mozilla/5.0 (Macintosh; Intel Mac OS X 10_15_3) AppleWebKit/537.36 (KHTML, like Gecko) Chrome/90.0.4430.212 Safari/537.36\"\n","level":"info"}
{"message":"::1 - - [20/May/2021:10:09:07 +0000] \"POST /users/authenticate HTTP/1.1\" 200 120 \"http://localhost:1234/\" \"Mozilla/5.0 (Macintosh; Intel Mac OS X 10_15_3) AppleWebKit/537.36 (KHTML, like Gecko) Chrome/90.0.4430.212 Safari/537.36\"\n","level":"info"}
{"message":"::1 - - [20/May/2021:10:09:10 +0000] \"GET /users/me HTTP/1.1\" 200 120 \"http://localhost:1234/\" \"Mozilla/5.0 (Macintosh; Intel Mac OS X 10_15_3) AppleWebKit/537.36 (KHTML, like Gecko) Chrome/90.0.4430.212 Safari/537.36\"\n","level":"info"}
{"message":"::1 - - [20/May/2021:10:09:19 +0000] \"GET /users/me HTTP/1.1\" 304 - \"http://localhost:1234/\" \"Mozilla/5.0 (Macintosh; Intel Mac OS X 10_15_3) AppleWebKit/537.36 (KHTML, like Gecko) Chrome/90.0.4430.212 Safari/537.36\"\n","level":"info"}
{"message":"::1 - - [20/May/2021:10:09:51 +0000] \"GET /users/me HTTP/1.1\" 304 - \"http://localhost:1234/\" \"Mozilla/5.0 (Macintosh; Intel Mac OS X 10_15_3) AppleWebKit/537.36 (KHTML, like Gecko) Chrome/90.0.4430.212 Safari/537.36\"\n","level":"info"}
{"message":"::1 - - [20/May/2021:10:10:01 +0000] \"GET /users/me HTTP/1.1\" 304 - \"http://localhost:1234/\" \"Mozilla/5.0 (Macintosh; Intel Mac OS X 10_15_3) AppleWebKit/537.36 (KHTML, like Gecko) Chrome/90.0.4430.212 Safari/537.36\"\n","level":"info"}
{"message":"::1 - - [20/May/2021:10:10:02 +0000] \"GET /users/me HTTP/1.1\" 304 - \"http://localhost:1234/\" \"Mozilla/5.0 (Macintosh; Intel Mac OS X 10_15_3) AppleWebKit/537.36 (KHTML, like Gecko) Chrome/90.0.4430.212 Safari/537.36\"\n","level":"info"}
{"message":"::1 - - [20/May/2021:10:10:25 +0000] \"GET /users/me HTTP/1.1\" 304 - \"http://localhost:1234/\" \"Mozilla/5.0 (Macintosh; Intel Mac OS X 10_15_3) AppleWebKit/537.36 (KHTML, like Gecko) Chrome/90.0.4430.212 Safari/537.36\"\n","level":"info"}
{"message":"::1 - - [20/May/2021:10:10:25 +0000] \"GET /users/me HTTP/1.1\" 304 - \"http://localhost:1234/\" \"Mozilla/5.0 (Macintosh; Intel Mac OS X 10_15_3) AppleWebKit/537.36 (KHTML, like Gecko) Chrome/90.0.4430.212 Safari/537.36\"\n","level":"info"}
{"message":"::1 - - [20/May/2021:10:10:36 +0000] \"GET /users/me HTTP/1.1\" 304 - \"http://localhost:1234/\" \"Mozilla/5.0 (Macintosh; Intel Mac OS X 10_15_3) AppleWebKit/537.36 (KHTML, like Gecko) Chrome/90.0.4430.212 Safari/537.36\"\n","level":"info"}
{"message":"::1 - - [20/May/2021:10:10:40 +0000] \"GET /users/me HTTP/1.1\" 304 - \"http://localhost:1234/\" \"Mozilla/5.0 (Macintosh; Intel Mac OS X 10_15_3) AppleWebKit/537.36 (KHTML, like Gecko) Chrome/90.0.4430.212 Safari/537.36\"\n","level":"info"}
{"message":"::1 - - [20/May/2021:10:13:00 +0000] \"GET /users/me HTTP/1.1\" 304 - \"http://localhost:1234/\" \"Mozilla/5.0 (Macintosh; Intel Mac OS X 10_15_3) AppleWebKit/537.36 (KHTML, like Gecko) Chrome/90.0.4430.212 Safari/537.36\"\n","level":"info"}
{"message":"::1 - - [20/May/2021:10:13:03 +0000] \"GET /users/me HTTP/1.1\" 304 - \"http://localhost:1234/\" \"Mozilla/5.0 (Macintosh; Intel Mac OS X 10_15_3) AppleWebKit/537.36 (KHTML, like Gecko) Chrome/90.0.4430.212 Safari/537.36\"\n","level":"info"}
{"message":"::1 - - [20/May/2021:10:13:31 +0000] \"GET /users/me HTTP/1.1\" 304 - \"http://localhost:1234/\" \"Mozilla/5.0 (Macintosh; Intel Mac OS X 10_15_3) AppleWebKit/537.36 (KHTML, like Gecko) Chrome/90.0.4430.212 Safari/537.36\"\n","level":"info"}
{"message":"::1 - - [20/May/2021:10:13:31 +0000] \"GET /users/me HTTP/1.1\" 304 - \"http://localhost:1234/\" \"Mozilla/5.0 (Macintosh; Intel Mac OS X 10_15_3) AppleWebKit/537.36 (KHTML, like Gecko) Chrome/90.0.4430.212 Safari/537.36\"\n","level":"info"}
{"message":"::1 - - [20/May/2021:10:14:27 +0000] \"GET /users/me HTTP/1.1\" 304 - \"http://localhost:1234/\" \"Mozilla/5.0 (Macintosh; Intel Mac OS X 10_15_3) AppleWebKit/537.36 (KHTML, like Gecko) Chrome/90.0.4430.212 Safari/537.36\"\n","level":"info"}
{"message":"::1 - - [20/May/2021:10:14:27 +0000] \"GET /users/me HTTP/1.1\" 304 - \"http://localhost:1234/\" \"Mozilla/5.0 (Macintosh; Intel Mac OS X 10_15_3) AppleWebKit/537.36 (KHTML, like Gecko) Chrome/90.0.4430.212 Safari/537.36\"\n","level":"info"}
{"message":"::1 - - [20/May/2021:10:14:31 +0000] \"GET /users/me HTTP/1.1\" 304 - \"http://localhost:1234/\" \"Mozilla/5.0 (Macintosh; Intel Mac OS X 10_15_3) AppleWebKit/537.36 (KHTML, like Gecko) Chrome/90.0.4430.212 Safari/537.36\"\n","level":"info"}
{"message":"::1 - - [20/May/2021:10:14:57 +0000] \"GET /users/me HTTP/1.1\" 304 - \"http://localhost:1234/\" \"Mozilla/5.0 (Macintosh; Intel Mac OS X 10_15_3) AppleWebKit/537.36 (KHTML, like Gecko) Chrome/90.0.4430.212 Safari/537.36\"\n","level":"info"}
{"message":"::1 - - [20/May/2021:10:14:58 +0000] \"GET /users/me HTTP/1.1\" 304 - \"http://localhost:1234/\" \"Mozilla/5.0 (Macintosh; Intel Mac OS X 10_15_3) AppleWebKit/537.36 (KHTML, like Gecko) Chrome/90.0.4430.212 Safari/537.36\"\n","level":"info"}
{"message":"::1 - - [20/May/2021:10:15:25 +0000] \"GET /users/me HTTP/1.1\" 304 - \"http://localhost:1234/\" \"Mozilla/5.0 (Macintosh; Intel Mac OS X 10_15_3) AppleWebKit/537.36 (KHTML, like Gecko) Chrome/90.0.4430.212 Safari/537.36\"\n","level":"info"}
{"message":"::1 - - [20/May/2021:10:15:25 +0000] \"GET /users/me HTTP/1.1\" 304 - \"http://localhost:1234/\" \"Mozilla/5.0 (Macintosh; Intel Mac OS X 10_15_3) AppleWebKit/537.36 (KHTML, like Gecko) Chrome/90.0.4430.212 Safari/537.36\"\n","level":"info"}
{"message":"::1 - - [20/May/2021:10:15:27 +0000] \"GET /users/me HTTP/1.1\" 304 - \"http://localhost:1234/\" \"Mozilla/5.0 (Macintosh; Intel Mac OS X 10_15_3) AppleWebKit/537.36 (KHTML, like Gecko) Chrome/90.0.4430.212 Safari/537.36\"\n","level":"info"}
{"message":"::1 - - [20/May/2021:10:15:43 +0000] \"GET /users/me HTTP/1.1\" 304 - \"http://localhost:1234/\" \"Mozilla/5.0 (Macintosh; Intel Mac OS X 10_15_3) AppleWebKit/537.36 (KHTML, like Gecko) Chrome/90.0.4430.212 Safari/537.36\"\n","level":"info"}
{"message":"::1 - - [20/May/2021:10:15:43 +0000] \"GET /users/me HTTP/1.1\" 304 - \"http://localhost:1234/\" \"Mozilla/5.0 (Macintosh; Intel Mac OS X 10_15_3) AppleWebKit/537.36 (KHTML, like Gecko) Chrome/90.0.4430.212 Safari/537.36\"\n","level":"info"}
{"message":"::1 - - [20/May/2021:10:15:46 +0000] \"GET /users/me HTTP/1.1\" 304 - \"http://localhost:1234/\" \"Mozilla/5.0 (Macintosh; Intel Mac OS X 10_15_3) AppleWebKit/537.36 (KHTML, like Gecko) Chrome/90.0.4430.212 Safari/537.36\"\n","level":"info"}
{"message":"::1 - - [20/May/2021:10:15:52 +0000] \"GET /users/me HTTP/1.1\" 304 - \"http://localhost:1234/\" \"Mozilla/5.0 (Macintosh; Intel Mac OS X 10_15_3) AppleWebKit/537.36 (KHTML, like Gecko) Chrome/90.0.4430.212 Safari/537.36\"\n","level":"info"}
{"message":"::1 - - [20/May/2021:10:15:53 +0000] \"GET /users/me HTTP/1.1\" 304 - \"http://localhost:1234/\" \"Mozilla/5.0 (Macintosh; Intel Mac OS X 10_15_3) AppleWebKit/537.36 (KHTML, like Gecko) Chrome/90.0.4430.212 Safari/537.36\"\n","level":"info"}
{"message":"::1 - - [20/May/2021:10:15:56 +0000] \"GET /users/me HTTP/1.1\" 304 - \"http://localhost:1234/\" \"Mozilla/5.0 (Macintosh; Intel Mac OS X 10_15_3) AppleWebKit/537.36 (KHTML, like Gecko) Chrome/90.0.4430.212 Safari/537.36\"\n","level":"info"}
{"message":"::1 - - [20/May/2021:12:09:37 +0000] \"POST /users/authenticate HTTP/1.1\" 200 120 \"http://localhost:1234/\" \"Mozilla/5.0 (Macintosh; Intel Mac OS X 10_15_3) AppleWebKit/537.36 (KHTML, like Gecko) Chrome/90.0.4430.212 Safari/537.36\"\n","level":"info"}
{"message":"::1 - - [20/May/2021:12:21:52 +0000] \"GET /users/me HTTP/1.1\" 304 - \"http://localhost:1234/\" \"Mozilla/5.0 (Macintosh; Intel Mac OS X 10_15_3) AppleWebKit/537.36 (KHTML, like Gecko) Chrome/90.0.4430.212 Safari/537.36\"\n","level":"info"}
{"message":"::1 - - [20/May/2021:12:22:48 +0000] \"GET /users/me HTTP/1.1\" 304 - \"http://localhost:1234/\" \"Mozilla/5.0 (Macintosh; Intel Mac OS X 10_15_3) AppleWebKit/537.36 (KHTML, like Gecko) Chrome/90.0.4430.212 Safari/537.36\"\n","level":"info"}
{"message":"::1 - - [20/May/2021:12:26:38 +0000] \"GET /users/me HTTP/1.1\" 304 - \"http://localhost:1234/\" \"Mozilla/5.0 (Macintosh; Intel Mac OS X 10_15_3) AppleWebKit/537.36 (KHTML, like Gecko) Chrome/90.0.4430.212 Safari/537.36\"\n","level":"info"}
{"message":"::1 - - [20/May/2021:12:26:39 +0000] \"GET /users/me HTTP/1.1\" 304 - \"http://localhost:1234/\" \"Mozilla/5.0 (Macintosh; Intel Mac OS X 10_15_3) AppleWebKit/537.36 (KHTML, like Gecko) Chrome/90.0.4430.212 Safari/537.36\"\n","level":"info"}
{"message":"::1 - - [20/May/2021:12:26:51 +0000] \"POST /users/authenticate HTTP/1.1\" 200 120 \"http://localhost:1234/\" \"Mozilla/5.0 (Macintosh; Intel Mac OS X 10_15_3) AppleWebKit/537.36 (KHTML, like Gecko) Chrome/90.0.4430.212 Safari/537.36\"\n","level":"info"}
{"message":"::1 - - [20/May/2021:12:29:29 +0000] \"GET /users/me HTTP/1.1\" 304 - \"http://localhost:1234/\" \"Mozilla/5.0 (Macintosh; Intel Mac OS X 10_15_3) AppleWebKit/537.36 (KHTML, like Gecko) Chrome/90.0.4430.212 Safari/537.36\"\n","level":"info"}
{"message":"::1 - - [20/May/2021:12:29:32 +0000] \"GET /users/me HTTP/1.1\" 304 - \"http://localhost:1234/\" \"Mozilla/5.0 (Macintosh; Intel Mac OS X 10_15_3) AppleWebKit/537.36 (KHTML, like Gecko) Chrome/90.0.4430.212 Safari/537.36\"\n","level":"info"}
{"message":"::1 - - [20/May/2021:12:29:36 +0000] \"POST /users/authenticate HTTP/1.1\" 200 120 \"http://localhost:1234/\" \"Mozilla/5.0 (Macintosh; Intel Mac OS X 10_15_3) AppleWebKit/537.36 (KHTML, like Gecko) Chrome/90.0.4430.212 Safari/537.36\"\n","level":"info"}
{"message":"::1 - - [20/May/2021:12:29:39 +0000] \"GET /users/me HTTP/1.1\" 304 - \"http://localhost:1234/\" \"Mozilla/5.0 (Macintosh; Intel Mac OS X 10_15_3) AppleWebKit/537.36 (KHTML, like Gecko) Chrome/90.0.4430.212 Safari/537.36\"\n","level":"info"}
{"message":"::1 - - [20/May/2021:12:29:59 +0000] \"POST /users/authenticate HTTP/1.1\" 200 120 \"http://localhost:1234/\" \"Mozilla/5.0 (Macintosh; Intel Mac OS X 10_15_3) AppleWebKit/537.36 (KHTML, like Gecko) Chrome/90.0.4430.212 Safari/537.36\"\n","level":"info"}
{"message":"::1 - - [20/May/2021:12:30:11 +0000] \"GET /users/me HTTP/1.1\" 304 - \"http://localhost:1234/\" \"Mozilla/5.0 (Macintosh; Intel Mac OS X 10_15_3) AppleWebKit/537.36 (KHTML, like Gecko) Chrome/90.0.4430.212 Safari/537.36\"\n","level":"info"}
{"message":"::1 - - [20/May/2021:12:31:00 +0000] \"GET /users/me HTTP/1.1\" 304 - \"http://localhost:1234/\" \"Mozilla/5.0 (Macintosh; Intel Mac OS X 10_15_3) AppleWebKit/537.36 (KHTML, like Gecko) Chrome/90.0.4430.212 Safari/537.36\"\n","level":"info"}
{"message":"::1 - - [20/May/2021:12:31:04 +0000] \"GET /users/me HTTP/1.1\" 304 - \"http://localhost:1234/\" \"Mozilla/5.0 (Macintosh; Intel Mac OS X 10_15_3) AppleWebKit/537.36 (KHTML, like Gecko) Chrome/90.0.4430.212 Safari/537.36\"\n","level":"info"}
{"message":"::1 - - [20/May/2021:12:31:17 +0000] \"POST /users/authenticate HTTP/1.1\" 200 120 \"http://localhost:1234/\" \"Mozilla/5.0 (Macintosh; Intel Mac OS X 10_15_3) AppleWebKit/537.36 (KHTML, like Gecko) Chrome/90.0.4430.212 Safari/537.36\"\n","level":"info"}
{"message":"::1 - - [20/May/2021:12:31:26 +0000] \"GET /users/me HTTP/1.1\" 304 - \"http://localhost:1234/\" \"Mozilla/5.0 (Macintosh; Intel Mac OS X 10_15_3) AppleWebKit/537.36 (KHTML, like Gecko) Chrome/90.0.4430.212 Safari/537.36\"\n","level":"info"}
{"message":"::1 - - [20/May/2021:12:31:59 +0000] \"GET /users/me HTTP/1.1\" 304 - \"http://localhost:1234/\" \"Mozilla/5.0 (Macintosh; Intel Mac OS X 10_15_3) AppleWebKit/537.36 (KHTML, like Gecko) Chrome/90.0.4430.212 Safari/537.36\"\n","level":"info"}
{"message":"::1 - - [20/May/2021:12:32:10 +0000] \"GET /users/me HTTP/1.1\" 403 14 \"http://localhost:1234/\" \"Mozilla/5.0 (Macintosh; Intel Mac OS X 10_15_3) AppleWebKit/537.36 (KHTML, like Gecko) Chrome/90.0.4430.212 Safari/537.36\"\n","level":"info"}
{"message":"::1 - - [20/May/2021:12:32:31 +0000] \"POST /users/authenticate HTTP/1.1\" 200 120 \"http://localhost:1234/\" \"Mozilla/5.0 (Macintosh; Intel Mac OS X 10_15_3) AppleWebKit/537.36 (KHTML, like Gecko) Chrome/90.0.4430.212 Safari/537.36\"\n","level":"info"}
{"message":"::1 - - [20/May/2021:12:32:41 +0000] \"GET /users/me HTTP/1.1\" 200 120 \"http://localhost:1234/\" \"Mozilla/5.0 (Macintosh; Intel Mac OS X 10_15_3) AppleWebKit/537.36 (KHTML, like Gecko) Chrome/90.0.4430.212 Safari/537.36\"\n","level":"info"}
{"message":"::1 - - [20/May/2021:12:32:55 +0000] \"GET /users/me HTTP/1.1\" 304 - \"http://localhost:1234/\" \"Mozilla/5.0 (Macintosh; Intel Mac OS X 10_15_3) AppleWebKit/537.36 (KHTML, like Gecko) Chrome/90.0.4430.212 Safari/537.36\"\n","level":"info"}
{"message":"::1 - - [20/May/2021:12:33:00 +0000] \"GET /users/me HTTP/1.1\" 304 - \"http://localhost:1234/\" \"Mozilla/5.0 (Macintosh; Intel Mac OS X 10_15_3) AppleWebKit/537.36 (KHTML, like Gecko) Chrome/90.0.4430.212 Safari/537.36\"\n","level":"info"}
{"message":"::1 - - [20/May/2021:12:33:08 +0000] \"GET /users/me HTTP/1.1\" 403 14 \"http://localhost:1234/\" \"Mozilla/5.0 (Macintosh; Intel Mac OS X 10_15_3) AppleWebKit/537.36 (KHTML, like Gecko) Chrome/90.0.4430.212 Safari/537.36\"\n","level":"info"}
{"message":"::1 - - [20/May/2021:12:33:39 +0000] \"GET /users/me HTTP/1.1\" 403 14 \"http://localhost:1234/\" \"Mozilla/5.0 (Macintosh; Intel Mac OS X 10_15_3) AppleWebKit/537.36 (KHTML, like Gecko) Chrome/90.0.4430.212 Safari/537.36\"\n","level":"info"}
{"message":"::1 - - [20/May/2021:12:33:46 +0000] \"GET /users/me HTTP/1.1\" 403 14 \"http://localhost:1234/\" \"Mozilla/5.0 (Macintosh; Intel Mac OS X 10_15_3) AppleWebKit/537.36 (KHTML, like Gecko) Chrome/90.0.4430.212 Safari/537.36\"\n","level":"info"}
{"message":"::1 - - [20/May/2021:12:33:51 +0000] \"GET /users/me HTTP/1.1\" 403 14 \"http://localhost:1234/\" \"Mozilla/5.0 (Macintosh; Intel Mac OS X 10_15_3) AppleWebKit/537.36 (KHTML, like Gecko) Chrome/90.0.4430.212 Safari/537.36\"\n","level":"info"}
{"message":"::1 - - [20/May/2021:12:33:54 +0000] \"GET /users/me HTTP/1.1\" 403 14 \"http://localhost:1234/\" \"Mozilla/5.0 (Macintosh; Intel Mac OS X 10_15_3) AppleWebKit/537.36 (KHTML, like Gecko) Chrome/90.0.4430.212 Safari/537.36\"\n","level":"info"}
{"message":"::1 - - [20/May/2021:12:33:59 +0000] \"GET /users/me HTTP/1.1\" 403 14 \"http://localhost:1234/\" \"Mozilla/5.0 (Macintosh; Intel Mac OS X 10_15_3) AppleWebKit/537.36 (KHTML, like Gecko) Chrome/90.0.4430.212 Safari/537.36\"\n","level":"info"}
{"message":"::1 - - [20/May/2021:12:34:09 +0000] \"GET /users/me HTTP/1.1\" 403 14 \"http://localhost:1234/\" \"Mozilla/5.0 (Macintosh; Intel Mac OS X 10_15_3) AppleWebKit/537.36 (KHTML, like Gecko) Chrome/90.0.4430.212 Safari/537.36\"\n","level":"info"}
{"message":"::1 - - [20/May/2021:12:34:36 +0000] \"POST /users/authenticate HTTP/1.1\" 200 120 \"http://localhost:1234/\" \"Mozilla/5.0 (Macintosh; Intel Mac OS X 10_15_3) AppleWebKit/537.36 (KHTML, like Gecko) Chrome/90.0.4430.212 Safari/537.36\"\n","level":"info"}
{"message":"::1 - - [20/May/2021:20:33:08 +0000] \"GET /users/me HTTP/1.1\" 403 14 \"http://localhost:1234/\" \"Mozilla/5.0 (Macintosh; Intel Mac OS X 10_15_3) AppleWebKit/537.36 (KHTML, like Gecko) Chrome/90.0.4430.212 Safari/537.36\"\n","level":"info"}
{"message":"::1 - - [20/May/2021:20:33:16 +0000] \"POST /users/authenticate HTTP/1.1\" 200 120 \"http://localhost:1234/\" \"Mozilla/5.0 (Macintosh; Intel Mac OS X 10_15_3) AppleWebKit/537.36 (KHTML, like Gecko) Chrome/90.0.4430.212 Safari/537.36\"\n","level":"info"}
{"message":"::1 - - [20/May/2021:22:12:17 +0000] \"GET /users/me HTTP/1.1\" 200 120 \"http://localhost:1234/\" \"Mozilla/5.0 (Macintosh; Intel Mac OS X 10_15_3) AppleWebKit/537.36 (KHTML, like Gecko) Chrome/90.0.4430.212 Safari/537.36\"\n","level":"info"}
{"message":"::1 - - [20/May/2021:22:12:18 +0000] \"GET /users/me HTTP/1.1\" 304 - \"http://localhost:1234/\" \"Mozilla/5.0 (Macintosh; Intel Mac OS X 10_15_3) AppleWebKit/537.36 (KHTML, like Gecko) Chrome/90.0.4430.212 Safari/537.36\"\n","level":"info"}
{"message":"::1 - - [20/May/2021:22:12:19 +0000] \"GET /users/me HTTP/1.1\" 304 - \"http://localhost:1234/\" \"Mozilla/5.0 (Macintosh; Intel Mac OS X 10_15_3) AppleWebKit/537.36 (KHTML, like Gecko) Chrome/90.0.4430.212 Safari/537.36\"\n","level":"info"}
{"message":"::1 - - [20/May/2021:22:12:20 +0000] \"GET /users/me HTTP/1.1\" 304 - \"http://localhost:1234/\" \"Mozilla/5.0 (Macintosh; Intel Mac OS X 10_15_3) AppleWebKit/537.36 (KHTML, like Gecko) Chrome/90.0.4430.212 Safari/537.36\"\n","level":"info"}
{"message":"::1 - - [20/May/2021:22:12:21 +0000] \"GET /users/me HTTP/1.1\" 304 - \"http://localhost:1234/\" \"Mozilla/5.0 (Macintosh; Intel Mac OS X 10_15_3) AppleWebKit/537.36 (KHTML, like Gecko) Chrome/90.0.4430.212 Safari/537.36\"\n","level":"info"}
{"message":"::1 - - [20/May/2021:22:12:22 +0000] \"GET /users/me HTTP/1.1\" 304 - \"http://localhost:1234/\" \"Mozilla/5.0 (Macintosh; Intel Mac OS X 10_15_3) AppleWebKit/537.36 (KHTML, like Gecko) Chrome/90.0.4430.212 Safari/537.36\"\n","level":"info"}
{"message":"::1 - - [20/May/2021:22:12:23 +0000] \"GET /users/me HTTP/1.1\" 304 - \"http://localhost:1234/\" \"Mozilla/5.0 (Macintosh; Intel Mac OS X 10_15_3) AppleWebKit/537.36 (KHTML, like Gecko) Chrome/90.0.4430.212 Safari/537.36\"\n","level":"info"}
{"message":"::1 - - [21/May/2021:07:14:44 +0000] \"GET /users/me HTTP/1.1\" 304 - \"http://localhost:1234/\" \"Mozilla/5.0 (Macintosh; Intel Mac OS X 10_15_3) AppleWebKit/537.36 (KHTML, like Gecko) Chrome/90.0.4430.212 Safari/537.36\"\n","level":"info"}
